# JRE version: OpenJDK Runtime Environment (16.0.2+7) (build 16.0.2+7-67)
# Java VM: OpenJDK 64-Bit Server VM (16.0.2+7-67, mixed mode, tiered, compressed oops, compressed class ptrs, g1 gc, windows-amd64)
GC Precious Log:
 CPUs: 2 total, 2 available
 Memory: 8191M
 Large Page Support: Disabled
 NUMA Support: Disabled
 Compressed Oops: Enabled (32-bit)
 Heap Region Size: 1M
 Heap Min Capacity: 8M
 Heap Initial Capacity: 128M
 Heap Max Capacity: 2G
 Pre-touch: Disabled
 Parallel Workers: 2
 Concurrent Workers: 1
 Concurrent Refinement Workers: 2
 Periodic GC: Disabled
Heap:
 garbage-first heap   total 27648K, used 11364K [0x0000000080000000, 0x0000000100000000)
  region size 1024K, 1 young (1024K), 1 survivors (1024K)
 Metaspace       used 27205K, committed 27456K, reserved 1073152K
  class space    used 2963K, committed 3072K, reserved 1048576K
GC Heap History (19 events):
Event: 0.612 GC heap before
{Heap before GC invocations=0 (full 0):
 garbage-first heap   total 131072K, used 5120K [0x0000000080000000, 0x0000000100000000)
  region size 1024K, 6 young (6144K), 0 survivors (0K)
 Metaspace       used 7894K, committed 7936K, reserved 1056768K
  class space    used 679K, committed 704K, reserved 1048576K
}
Event: 0.616 GC heap after
{Heap after GC invocations=1 (full 0):
 garbage-first heap   total 131072K, used 2934K [0x0000000080000000, 0x0000000100000000)
  region size 1024K, 1 young (1024K), 1 survivors (1024K)
 Metaspace       used 7894K, committed 7936K, reserved 1056768K
  class space    used 679K, committed 704K, reserved 1048576K
}
Event: 0.927 GC heap before
{Heap before GC invocations=1 (full 0):
 garbage-first heap   total 131072K, used 8054K [0x0000000080000000, 0x0000000100000000)
  region size 1024K, 6 young (6144K), 1 survivors (1024K)
 Metaspace       used 12291K, committed 12416K, reserved 1064960K
  class space    used 1152K, committed 1216K, reserved 1048576K
}
Event: 0.931 GC heap after
{Heap after GC invocations=2 (full 0):
 garbage-first heap   total 131072K, used 3883K [0x0000000080000000, 0x0000000100000000)
  region size 1024K, 1 young (1024K), 1 survivors (1024K)
 Metaspace       used 12291K, committed 12416K, reserved 1064960K
  class space    used 1152K, committed 1216K, reserved 1048576K
}
Event: 1.200 GC heap before
{Heap before GC invocations=2 (full 0):
 garbage-first heap   total 131072K, used 11051K [0x0000000080000000, 0x0000000100000000)
  region size 1024K, 9 young (9216K), 1 survivors (1024K)
 Metaspace       used 15366K, committed 15552K, reserved 1064960K
  class space    used 1492K, committed 1600K, reserved 1048576K
}
Event: 1.206 GC heap after
{Heap after GC invocations=3 (full 0):
 garbage-first heap   total 131072K, used 4944K [0x0000000080000000, 0x0000000100000000)
  region size 1024K, 2 young (2048K), 2 survivors (2048K)
 Metaspace       used 15366K, committed 15552K, reserved 1064960K
  class space    used 1492K, committed 1600K, reserved 1048576K
}
Event: 1.775 GC heap before
{Heap before GC invocations=3 (full 0):
 garbage-first heap   total 131072K, used 22352K [0x0000000080000000, 0x0000000100000000)
  region size 1024K, 20 young (20480K), 2 survivors (2048K)
 Metaspace       used 21046K, committed 21248K, reserved 1073152K
  class space    used 2196K, committed 2304K, reserved 1048576K
}
Event: 1.791 GC heap after
{Heap after GC invocations=4 (full 0):
 garbage-first heap   total 131072K, used 6350K [0x0000000080000000, 0x0000000100000000)
  region size 1024K, 4 young (4096K), 4 survivors (4096K)
 Metaspace       used 21046K, committed 21248K, reserved 1073152K
  class space    used 2196K, committed 2304K, reserved 1048576K
}
Event: 2.637 GC heap before
{Heap before GC invocations=5 (full 0):
 garbage-first heap   total 27648K, used 18638K [0x0000000080000000, 0x0000000100000000)
  region size 1024K, 16 young (16384K), 4 survivors (4096K)
 Metaspace       used 24408K, committed 24640K, reserved 1073152K
  class space    used 2601K, committed 2752K, reserved 1048576K
}
Event: 2.659 GC heap after
{Heap after GC invocations=6 (full 0):
 garbage-first heap   total 27648K, used 7927K [0x0000000080000000, 0x0000000100000000)
  region size 1024K, 2 young (2048K), 2 survivors (2048K)
 Metaspace       used 24408K, committed 24640K, reserved 1073152K
  class space    used 2601K, committed 2752K, reserved 1048576K
}
Event: 3.874 GC heap before
{Heap before GC invocations=7 (full 0):
 garbage-first heap   total 27648K, used 16119K [0x0000000080000000, 0x0000000100000000)
  region size 1024K, 11 young (11264K), 2 survivors (2048K)
 Metaspace       used 26849K, committed 27072K, reserved 1073152K
  class space    used 2920K, committed 3008K, reserved 1048576K
}
Event: 3.882 GC heap after
{Heap after GC invocations=8 (full 0):
 garbage-first heap   total 27648K, used 8656K [0x0000000080000000, 0x0000000100000000)
  region size 1024K, 1 young (1024K), 1 survivors (1024K)
 Metaspace       used 26849K, committed 27072K, reserved 1073152K
  class space    used 2920K, committed 3008K, reserved 1048576K
}
Event: 7.321 GC heap before
{Heap before GC invocations=8 (full 0):
 garbage-first heap   total 27648K, used 17872K [0x0000000080000000, 0x0000000100000000)
  region size 1024K, 10 young (10240K), 1 survivors (1024K)
 Metaspace       used 27205K, committed 27456K, reserved 1073152K
  class space    used 2963K, committed 3072K, reserved 1048576K
}
Event: 7.327 GC heap after
{Heap after GC invocations=9 (full 0):
 garbage-first heap   total 27648K, used 11024K [0x0000000080000000, 0x0000000100000000)
  region size 1024K, 2 young (2048K), 2 survivors (2048K)
 Metaspace       used 27205K, committed 27456K, reserved 1073152K
  class space    used 2963K, committed 3072K, reserved 1048576K
}
Event: 7.337 GC heap before
{Heap before GC invocations=9 (full 0):
 garbage-first heap   total 27648K, used 19216K [0x0000000080000000, 0x0000000100000000)
  region size 1024K, 10 young (10240K), 2 survivors (2048K)
 Metaspace       used 27205K, committed 27456K, reserved 1073152K
  class space    used 2963K, committed 3072K, reserved 1048576K
}
Event: 7.341 GC heap after
{Heap after GC invocations=10 (full 0):
 garbage-first heap   total 27648K, used 10514K [0x0000000080000000, 0x0000000100000000)
  region size 1024K, 1 young (1024K), 1 survivors (1024K)
 Metaspace       used 27205K, committed 27456K, reserved 1073152K
  class space    used 2963K, committed 3072K, reserved 1048576K
}
Event: 7.347 GC heap before
{Heap before GC invocations=10 (full 0):
 garbage-first heap   total 27648K, used 19730K [0x0000000080000000, 0x0000000100000000)
  region size 1024K, 10 young (10240K), 1 survivors (1024K)
 Metaspace       used 27205K, committed 27456K, reserved 1073152K
  class space    used 2963K, committed 3072K, reserved 1048576K
}
Event: 7.349 GC heap after
{Heap after GC invocations=11 (full 0):
 garbage-first heap   total 27648K, used 10638K [0x0000000080000000, 0x0000000100000000)
  region size 1024K, 1 young (1024K), 1 survivors (1024K)
 Metaspace       used 27205K, committed 27456K, reserved 1073152K
  class space    used 2963K, committed 3072K, reserved 1048576K
}
Event: 7.356 GC heap before
{Heap before GC invocations=11 (full 0):
 garbage-first heap   total 27648K, used 20878K [0x0000000080000000, 0x0000000100000000)
  region size 1024K, 10 young (10240K), 1 survivors (1024K)
 Metaspace       used 27205K, committed 27456K, reserved 1073152K
  class space    used 2963K, committed 3072K, reserved 1048576K
}

