# JRE version: OpenJDK Runtime Environment (16.0.2+7) (build 16.0.2+7-67)
# Java VM: OpenJDK 64-Bit Server VM (16.0.2+7-67, mixed mode, tiered, compressed oops, compressed class ptrs, g1 gc, windows-amd64)
GC Precious Log:
 CPUs: 2 total, 2 available
 Memory: 8191M
 Large Page Support: Disabled
 NUMA Support: Disabled
 Compressed Oops: Enabled (32-bit)
 Heap Region Size: 1M
 Heap Min Capacity: 8M
 Heap Initial Capacity: 128M
 Heap Max Capacity: 2G
 Pre-touch: Disabled
 Parallel Workers: 2
 Concurrent Workers: 1
 Concurrent Refinement Workers: 2
 Periodic GC: Disabled
Heap:
 garbage-first heap   total 77824K, used 35246K [0x0000000080000000, 0x0000000100000000)
  region size 1024K, 27 young (27648K), 3 survivors (3072K)
 Metaspace       used 30201K, committed 30528K, reserved 1081344K
  class space    used 3364K, committed 3520K, reserved 1048576K
GC Heap History (14 events):
Event: 0.598 GC heap before
{Heap before GC invocations=0 (full 0):
 garbage-first heap   total 131072K, used 5120K [0x0000000080000000, 0x0000000100000000)
  region size 1024K, 6 young (6144K), 0 survivors (0K)
 Metaspace       used 7891K, committed 7936K, reserved 1056768K
  class space    used 679K, committed 704K, reserved 1048576K
}
Event: 0.604 GC heap after
{Heap after GC invocations=1 (full 0):
 garbage-first heap   total 131072K, used 2985K [0x0000000080000000, 0x0000000100000000)
  region size 1024K, 1 young (1024K), 1 survivors (1024K)
 Metaspace       used 7891K, committed 7936K, reserved 1056768K
  class space    used 679K, committed 704K, reserved 1048576K
}
Event: 1.007 GC heap before
{Heap before GC invocations=1 (full 0):
 garbage-first heap   total 131072K, used 8105K [0x0000000080000000, 0x0000000100000000)
  region size 1024K, 6 young (6144K), 1 survivors (1024K)
 Metaspace       used 12335K, committed 12480K, reserved 1064960K
  class space    used 1152K, committed 1216K, reserved 1048576K
}
Event: 1.014 GC heap after
{Heap after GC invocations=2 (full 0):
 garbage-first heap   total 131072K, used 3913K [0x0000000080000000, 0x0000000100000000)
  region size 1024K, 1 young (1024K), 1 survivors (1024K)
 Metaspace       used 12335K, committed 12480K, reserved 1064960K
  class space    used 1152K, committed 1216K, reserved 1048576K
}
Event: 1.324 GC heap before
{Heap before GC invocations=2 (full 0):
 garbage-first heap   total 131072K, used 11081K [0x0000000080000000, 0x0000000100000000)
  region size 1024K, 9 young (9216K), 1 survivors (1024K)
 Metaspace       used 15369K, committed 15552K, reserved 1064960K
  class space    used 1492K, committed 1600K, reserved 1048576K
}
Event: 1.329 GC heap after
{Heap after GC invocations=3 (full 0):
 garbage-first heap   total 131072K, used 4971K [0x0000000080000000, 0x0000000100000000)
  region size 1024K, 2 young (2048K), 2 survivors (2048K)
 Metaspace       used 15369K, committed 15552K, reserved 1064960K
  class space    used 1492K, committed 1600K, reserved 1048576K
}
Event: 1.936 GC heap before
{Heap before GC invocations=3 (full 0):
 garbage-first heap   total 131072K, used 21355K [0x0000000080000000, 0x0000000100000000)
  region size 1024K, 19 young (19456K), 2 survivors (2048K)
 Metaspace       used 21096K, committed 21248K, reserved 1073152K
  class space    used 2197K, committed 2304K, reserved 1048576K
}
Event: 1.957 GC heap after
{Heap after GC invocations=4 (full 0):
 garbage-first heap   total 131072K, used 6225K [0x0000000080000000, 0x0000000100000000)
  region size 1024K, 4 young (4096K), 4 survivors (4096K)
 Metaspace       used 21096K, committed 21248K, reserved 1073152K
  class space    used 2197K, committed 2304K, reserved 1048576K
}
Event: 2.837 GC heap before
{Heap before GC invocations=5 (full 0):
 garbage-first heap   total 24576K, used 16465K [0x0000000080000000, 0x0000000100000000)
  region size 1024K, 14 young (14336K), 4 survivors (4096K)
 Metaspace       used 23809K, committed 23936K, reserved 1073152K
  class space    used 2503K, committed 2560K, reserved 1048576K
}
Event: 2.848 GC heap after
{Heap after GC invocations=6 (full 0):
 garbage-first heap   total 24576K, used 7889K [0x0000000080000000, 0x0000000100000000)
  region size 1024K, 2 young (2048K), 2 survivors (2048K)
 Metaspace       used 23809K, committed 23936K, reserved 1073152K
  class space    used 2503K, committed 2560K, reserved 1048576K
}
Event: 3.060 GC heap before
{Heap before GC invocations=6 (full 0):
 garbage-first heap   total 24576K, used 14033K [0x0000000080000000, 0x0000000100000000)
  region size 1024K, 9 young (9216K), 2 survivors (2048K)
 Metaspace       used 25444K, committed 25664K, reserved 1073152K
  class space    used 2773K, committed 2880K, reserved 1048576K
}
Event: 3.065 GC heap after
{Heap after GC invocations=7 (full 0):
 garbage-first heap   total 77824K, used 8412K [0x0000000080000000, 0x0000000100000000)
  region size 1024K, 1 young (1024K), 1 survivors (1024K)
 Metaspace       used 25444K, committed 25664K, reserved 1073152K
  class space    used 2773K, committed 2880K, reserved 1048576K
}
Event: 7.923 GC heap before
{Heap before GC invocations=7 (full 0):
 garbage-first heap   total 77824K, used 54492K [0x0000000080000000, 0x0000000100000000)
  region size 1024K, 45 young (46080K), 1 survivors (1024K)
 Metaspace       used 27216K, committed 27520K, reserved 1073152K
  class space    used 2967K, committed 3136K, reserved 1048576K
}
Event: 7.929 GC heap after
{Heap after GC invocations=8 (full 0):
 garbage-first heap   total 77824K, used 11694K [0x0000000080000000, 0x0000000100000000)
  region size 1024K, 3 young (3072K), 3 survivors (3072K)
 Metaspace       used 27216K, committed 27520K, reserved 1073152K
  class space    used 2967K, committed 3136K, reserved 1048576K
}

