<?xml version="1.0" encoding="UTF-8"?>
<!-- Generated by org.testng.reporters.JUnitXMLReporter -->
<testsuite ignored="1" hostname="USQV1447" failures="0" tests="1" name="Default test" time="67.915" errors="0" timestamp="2021-10-04T11:24:00 SGT">
  <testcase classname="lgs.analytics.testcases.HATVTest" name="validateVolumeFlucMonthlyValue" time="63.997"/>
  <testcase classname="lgs.analytics.testcases.HATVTest" name="validateVolumeFluc" time="0.0">
    <ignored/>
  </testcase> <!-- validateVolumeFluc -->
</testsuite> <!-- Default test -->
