<?xml version="1.0" encoding="UTF-8"?>
<!-- Generated by org.testng.reporters.JUnitXMLReporter -->
<testsuite ignored="2" hostname="USQV1447" failures="0" tests="1" name="Default test" time="54.572" errors="0" timestamp="2021-10-21T15:08:20 SGT">
  <testcase classname="lgs.analytics.testcases.ABOAccountDashboardTest" name="ValidateIncomePage" time="49.904"/>
  <testcase classname="lgs.analytics.testcases.ABOAccountDashboardTest" name="ABO_AccountDashboard_KPIs_Display" time="0.0">
    <ignored/>
  </testcase> <!-- ABO_AccountDashboard_KPIs_Display -->
  <testcase classname="lgs.analytics.testcases.ABOAccountDashboardTest" name="ValidateProductivityPage" time="0.0">
    <ignored/>
  </testcase> <!-- ValidateProductivityPage -->
</testsuite> <!-- Default test -->
