<?xml version="1.0" encoding="UTF-8"?>
<testng-results ignored="0" total="1" passed="1" failed="0" skipped="0">
  <reporter-output>
  </reporter-output>
  <suite started-at="2021-10-04T14:32:33 SGT" name="Default suite" finished-at="2021-10-04T14:33:37 SGT" duration-ms="63928">
    <groups>
    </groups>
    <test started-at="2021-10-04T14:32:33 SGT" name="Default test" finished-at="2021-10-04T14:33:37 SGT" duration-ms="63928">
      <class name="lgs.analytics.testcases.ABOCountTest">
        <test-method is-config="true" signature="setUp()[pri:0, instance:lgs.analytics.testcases.ABOCountTest@3e6ef8ad]" started-at="2021-10-04T14:32:33 SGT" name="setUp" finished-at="2021-10-04T14:32:36 SGT" duration-ms="2994" status="PASS">
          <reporter-output>
          </reporter-output>
        </test-method> <!-- setUp -->
        <test-method signature="validateGroupSize()[pri:0, instance:lgs.analytics.testcases.ABOCountTest@3e6ef8ad]" started-at="2021-10-04T14:32:36 SGT" name="validateGroupSize" finished-at="2021-10-04T14:33:36 SGT" duration-ms="59893" status="PASS">
          <reporter-output>
          </reporter-output>
        </test-method> <!-- validateGroupSize -->
        <test-method is-config="true" signature="endTest()[pri:0, instance:lgs.analytics.testcases.ABOCountTest@3e6ef8ad]" started-at="2021-10-04T14:33:36 SGT" name="endTest" finished-at="2021-10-04T14:33:37 SGT" duration-ms="965" status="PASS">
          <reporter-output>
          </reporter-output>
        </test-method> <!-- endTest -->
      </class> <!-- lgs.analytics.testcases.ABOCountTest -->
    </test> <!-- Default test -->
  </suite> <!-- Default suite -->
</testng-results>
