<?xml version="1.0" encoding="UTF-8"?>
<testng-results ignored="1" total="2" passed="1" failed="0" skipped="0">
  <reporter-output>
  </reporter-output>
  <suite started-at="2021-10-04T11:22:52 SGT" name="Default suite" finished-at="2021-10-04T11:24:00 SGT" duration-ms="67915">
    <groups>
    </groups>
    <test started-at="2021-10-04T11:22:52 SGT" name="Default test" finished-at="2021-10-04T11:24:00 SGT" duration-ms="67915">
      <class name="lgs.analytics.testcases.HATVTest">
        <test-method is-config="true" signature="setUp()[pri:0, instance:lgs.analytics.testcases.HATVTest@346d61be]" started-at="2021-10-04T11:22:52 SGT" name="setUp" finished-at="2021-10-04T11:22:55 SGT" duration-ms="2920" status="PASS">
          <reporter-output>
          </reporter-output>
        </test-method> <!-- setUp -->
        <test-method signature="validateVolumeFlucMonthlyValue()[pri:0, instance:lgs.analytics.testcases.HATVTest@346d61be]" started-at="2021-10-04T11:22:55 SGT" name="validateVolumeFlucMonthlyValue" finished-at="2021-10-04T11:23:59 SGT" duration-ms="63997" status="PASS">
          <reporter-output>
          </reporter-output>
        </test-method> <!-- validateVolumeFlucMonthlyValue -->
        <test-method is-config="true" signature="endTest()[pri:0, instance:lgs.analytics.testcases.HATVTest@346d61be]" started-at="2021-10-04T11:23:59 SGT" name="endTest" finished-at="2021-10-04T11:24:00 SGT" duration-ms="935" status="PASS">
          <reporter-output>
          </reporter-output>
        </test-method> <!-- endTest -->
      </class> <!-- lgs.analytics.testcases.HATVTest -->
    </test> <!-- Default test -->
  </suite> <!-- Default suite -->
</testng-results>
